Started GET "/" for 127.0.0.1 at 2019-02-20 21:47:24 -0500
Processing by Rails::WelcomeController#index as HTML
  Rendering C:/RailsInstaller/Ruby2.3.3/lib/ruby/gems/2.3.0/gems/railties-5.1.6/lib/rails/templates/rails/welcome/index.html.erb
  Rendered C:/RailsInstaller/Ruby2.3.3/lib/ruby/gems/2.3.0/gems/railties-5.1.6/lib/rails/templates/rails/welcome/index.html.erb (21.4ms)
Completed 200 OK in 2628ms (Views: 136.7ms)


Started GET "/" for 127.0.0.1 at 2019-02-21 01:37:22 -0500
Processing by ApplicationController#hello as HTML
  Rendering html template
  Rendered html template (0.0ms)
Completed 200 OK in 1036ms (Views: 43.8ms)


Started GET "/" for 127.0.0.1 at 2019-02-22 22:25:52 -0500
Processing by ApplicationController#hello as HTML
  Rendering html template
  Rendered html template (0.0ms)
Completed 200 OK in 2028ms (Views: 73.1ms)


Started GET "/" for 127.0.0.1 at 2019-02-24 17:50:20 -0500
Processing by ApplicationController#hello as HTML
  Rendering html template
  Rendered html template (0.0ms)
Completed 200 OK in 2906ms (Views: 75.2ms)


Started GET "/" for 127.0.0.1 at 2019-02-24 18:08:27 -0500
Processing by ApplicationController#hello as HTML
  Rendering html template
  Rendered html template (0.0ms)
Completed 200 OK in 370ms (Views: 9.4ms)


Started GET "/" for 127.0.0.1 at 2019-04-03 20:29:06 -0400
Processing by ApplicationController#hello as HTML
  Rendering html template
  Rendered html template (0.0ms)
Completed 200 OK in 3349ms (Views: 88.8ms)


